2015-10-24 09:13:13,903 - root - INFO - box score url: http://www.basketball-reference.com/friv/dailyleaders.cgi?month=11&day=11&year=2014
2015-10-24 09:13:13,904 - root - INFO - making call to http://www.basketball-reference.com/friv/dailyleaders.cgi?month=11&day=11&year=2014
2015-10-24 09:13:15,001 - root - INFO - received html for http://www.basketball-reference.com/friv/dailyleaders.cgi?month=11&day=11&year=2014
2015-10-24 09:13:15,002 - root - INFO - parsing box scores for 2014_11_11
2015-10-24 09:13:15,044 - root - INFO - finished parsing box scores for 2014_11_11
2015-10-25 22:31:35,682 - root - INFO - box score url: http://www.basketball-reference.com/leagues/NBA_2014_totals.html?lid=header_seasons
2015-10-25 22:31:35,683 - root - INFO - making call to http://www.basketball-reference.com/leagues/NBA_2014_totals.html?lid=header_seasons
2015-10-25 22:31:37,463 - root - INFO - received html for http://www.basketball-reference.com/leagues/NBA_2014_totals.html?lid=header_seasons
2015-10-25 22:31:37,465 - root - INFO - starting to parse season statistics for 2015
2015-10-25 22:31:37,484 - root - INFO - finished parsing season_statistics for 2015
2015-10-25 22:32:08,271 - root - INFO - box score url: http://www.basketball-reference.com/leagues/NBA_2016_totals.html?lid=header_seasons
2015-10-25 22:32:08,273 - root - INFO - making call to http://www.basketball-reference.com/leagues/NBA_2016_totals.html?lid=header_seasons
2015-10-25 22:32:08,554 - root - INFO - received html for http://www.basketball-reference.com/leagues/NBA_2016_totals.html?lid=header_seasons
2015-10-25 22:32:08,556 - root - INFO - starting to parse season statistics for 2015
2015-10-25 22:32:08,556 - root - INFO - finished parsing season_statistics for 2015
2015-10-25 22:32:19,111 - root - INFO - box score url: http://www.basketball-reference.com/leagues/NBA_2016_totals.html?lid=header_seasons
2015-10-25 22:32:19,112 - root - INFO - making call to http://www.basketball-reference.com/leagues/NBA_2016_totals.html?lid=header_seasons
2015-10-25 22:32:19,473 - root - INFO - received html for http://www.basketball-reference.com/leagues/NBA_2016_totals.html?lid=header_seasons
2015-10-25 22:32:19,474 - root - INFO - starting to parse season statistics for 2015
2015-10-25 22:32:19,474 - root - INFO - finished parsing season_statistics for 2015
2015-10-25 22:32:59,500 - root - INFO - box score url: http://www.basketball-reference.com/leagues/NBA_2016_totals.html?lid=header_seasons
2015-10-25 22:32:59,503 - root - INFO - making call to http://www.basketball-reference.com/leagues/NBA_2016_totals.html?lid=header_seasons
2015-10-25 22:32:59,845 - root - INFO - received html for http://www.basketball-reference.com/leagues/NBA_2016_totals.html?lid=header_seasons
2015-10-25 22:32:59,846 - root - INFO - starting to parse season statistics for 2015
2015-10-25 22:32:59,847 - root - INFO - finished parsing season_statistics for 2015
2015-10-25 22:33:57,562 - root - INFO - box score url: http://www.basketball-reference.com/leagues/NBA_2016_totals.html?lid=header_seasons
2015-10-25 22:33:57,563 - root - INFO - making call to http://www.basketball-reference.com/leagues/NBA_2016_totals.html?lid=header_seasons
2015-10-25 22:33:57,894 - root - INFO - received html for http://www.basketball-reference.com/leagues/NBA_2016_totals.html?lid=header_seasons
2015-10-25 22:33:57,904 - root - INFO - starting to parse season statistics for 2015
2015-10-25 22:33:57,905 - root - INFO - finished parsing season_statistics for 2015
2015-10-25 22:34:27,545 - root - INFO - box score url: http://www.basketball-reference.com/leagues/NBA_2015_totals.html?lid=header_seasons
2015-10-25 22:34:27,546 - root - INFO - making call to http://www.basketball-reference.com/leagues/NBA_2015_totals.html?lid=header_seasons
2015-10-25 22:34:28,983 - root - INFO - received html for http://www.basketball-reference.com/leagues/NBA_2015_totals.html?lid=header_seasons
2015-10-25 22:34:29,102 - root - INFO - starting to parse season statistics for 2014
2015-10-25 22:34:29,126 - root - INFO - finished parsing season_statistics for 2014
2015-10-25 22:34:58,269 - root - INFO - box score url: http://www.basketball-reference.com/leagues/NBA_2015_totals.html?lid=header_seasons
2015-10-25 22:34:58,271 - root - INFO - making call to http://www.basketball-reference.com/leagues/NBA_2015_totals.html?lid=header_seasons
2015-10-25 22:34:59,660 - root - INFO - received html for http://www.basketball-reference.com/leagues/NBA_2015_totals.html?lid=header_seasons
2015-10-25 22:34:59,661 - root - INFO - starting to parse season statistics for 2014
2015-10-25 22:34:59,677 - root - INFO - finished parsing season_statistics for 2014
2015-10-25 22:35:25,297 - root - INFO - box score url: http://www.basketball-reference.com/leagues/NBA_2015_totals.html?lid=header_seasons
2015-10-25 22:35:25,299 - root - INFO - making call to http://www.basketball-reference.com/leagues/NBA_2015_totals.html?lid=header_seasons
2015-10-25 22:35:26,628 - root - INFO - received html for http://www.basketball-reference.com/leagues/NBA_2015_totals.html?lid=header_seasons
2015-10-25 22:35:26,629 - root - INFO - starting to parse season statistics for 2014
2015-10-25 22:35:26,818 - root - INFO - finished parsing season_statistics for 2014
2015-10-25 22:36:03,718 - root - INFO - box score url: http://www.basketball-reference.com/leagues/NBA_2015_totals.html?lid=header_seasons
2015-10-25 22:36:03,720 - root - INFO - making call to http://www.basketball-reference.com/leagues/NBA_2015_totals.html?lid=header_seasons
2015-10-25 22:36:05,097 - root - INFO - received html for http://www.basketball-reference.com/leagues/NBA_2015_totals.html?lid=header_seasons
2015-10-25 22:36:05,098 - root - INFO - starting to parse season statistics for 2014
2015-10-25 22:36:05,232 - root - INFO - finished parsing season_statistics for 2014
2015-10-25 22:39:28,747 - root - INFO - box score url: http://www.basketball-reference.com/leagues/NBA_2015_totals.html?lid=header_seasons
2015-10-25 22:39:28,749 - root - INFO - making call to http://www.basketball-reference.com/leagues/NBA_2015_totals.html?lid=header_seasons
2015-10-25 22:39:30,510 - root - INFO - received html for http://www.basketball-reference.com/leagues/NBA_2015_totals.html?lid=header_seasons
2015-10-25 22:39:30,511 - root - INFO - starting to parse season statistics for 2014
2015-10-25 22:39:30,623 - root - INFO - finished parsing season_statistics for 2014
2015-10-25 22:40:18,840 - root - INFO - box score url: http://www.basketball-reference.com/leagues/NBA_2015_totals.html?lid=header_seasons
2015-10-25 22:40:18,844 - root - INFO - making call to http://www.basketball-reference.com/leagues/NBA_2015_totals.html?lid=header_seasons
2015-10-25 22:40:20,625 - root - INFO - received html for http://www.basketball-reference.com/leagues/NBA_2015_totals.html?lid=header_seasons
2015-10-25 22:40:20,626 - root - INFO - starting to parse season statistics for 2014
2015-10-25 22:40:20,751 - root - INFO - finished parsing season_statistics for 2014
2015-10-26 22:29:55,132 - root - INFO - box score url: http://www.basketball-reference.com/leagues/NBA_2015_totals.html?lid=header_seasons
2015-10-26 22:29:55,134 - root - INFO - making call to http://www.basketball-reference.com/leagues/NBA_2015_totals.html?lid=header_seasons
2015-10-26 22:29:56,605 - root - INFO - received html for http://www.basketball-reference.com/leagues/NBA_2015_totals.html?lid=header_seasons
2015-10-26 22:30:20,391 - root - INFO - box score url: http://www.basketball-reference.com/leagues/NBA_2015_totals.html?lid=header_seasons
2015-10-26 22:30:20,393 - root - INFO - making call to http://www.basketball-reference.com/leagues/NBA_2015_totals.html?lid=header_seasons
2015-10-26 22:30:21,657 - root - INFO - received html for http://www.basketball-reference.com/leagues/NBA_2015_totals.html?lid=header_seasons
2015-10-26 22:30:21,658 - root - INFO - starting to parse season statistics for quincy - acy - 2014 - NYK
2015-10-26 22:30:21,771 - root - INFO - finished parsing season_statistics for 2014
2015-10-26 22:30:30,486 - root - INFO - box score url: http://www.basketball-reference.com/leagues/NBA_2015_totals.html?lid=header_seasons
2015-10-26 22:30:30,488 - root - INFO - making call to http://www.basketball-reference.com/leagues/NBA_2015_totals.html?lid=header_seasons
2015-10-26 22:30:32,379 - root - INFO - received html for http://www.basketball-reference.com/leagues/NBA_2015_totals.html?lid=header_seasons
2015-10-26 22:30:32,380 - root - INFO - starting to parse season statistics for quincy - acy - 2014 - WAS
2015-10-26 22:30:32,477 - root - INFO - finished parsing season_statistics for 2014
2015-10-26 22:31:13,645 - root - INFO - box score url: http://www.basketball-reference.com/leagues/NBA_2015_totals.html?lid=header_seasons
2015-10-26 22:31:13,646 - root - INFO - making call to http://www.basketball-reference.com/leagues/NBA_2015_totals.html?lid=header_seasons
2015-10-26 22:31:14,861 - root - INFO - received html for http://www.basketball-reference.com/leagues/NBA_2015_totals.html?lid=header_seasons
2015-10-26 22:31:14,862 - root - INFO - starting to parse season statistics for quincy - acy - 2014 - WAS
2015-10-26 22:31:14,960 - root - INFO - finished parsing season_statistics for 2014
2015-10-26 22:31:19,398 - root - INFO - box score url: http://www.basketball-reference.com/leagues/NBA_2015_totals.html?lid=header_seasons
2015-10-26 22:31:19,399 - root - INFO - making call to http://www.basketball-reference.com/leagues/NBA_2015_totals.html?lid=header_seasons
2015-10-26 22:31:20,774 - root - INFO - received html for http://www.basketball-reference.com/leagues/NBA_2015_totals.html?lid=header_seasons
2015-10-26 22:31:20,775 - root - INFO - starting to parse season statistics for quincy - acy - 2014 - nyk
2015-10-26 22:31:20,875 - root - INFO - finished parsing season_statistics for 2014
2015-12-29 10:50:00,101 - root - INFO - box score url: http://www.basketball-reference.com/leagues/NBA_2016_totals.html?lid=header_seasons
2015-12-29 10:50:00,102 - root - INFO - making call to http://www.basketball-reference.com/leagues/NBA_2016_totals.html?lid=header_seasons
2015-12-29 10:50:01,170 - root - INFO - received html for http://www.basketball-reference.com/leagues/NBA_2016_totals.html?lid=header_seasons
2015-12-29 10:50:01,172 - root - INFO - starting to parse season statistics for 2015
2015-12-29 10:50:01,237 - root - INFO - finished parsing season_statistics for 2015
2015-12-29 10:51:43,513 - root - INFO - box score url: http://www.basketball-reference.com/leagues/NBA_2016_totals.html?lid=header_seasons
2015-12-29 10:51:43,513 - root - INFO - making call to http://www.basketball-reference.com/leagues/NBA_2016_totals.html?lid=header_seasons
2015-12-29 10:51:44,507 - root - INFO - received html for http://www.basketball-reference.com/leagues/NBA_2016_totals.html?lid=header_seasons
2015-12-29 10:51:44,508 - root - INFO - starting to parse season statistics for 2015
2015-12-29 10:51:44,571 - root - INFO - finished parsing season_statistics for 2015
2015-12-29 10:51:52,004 - root - INFO - box score url: http://www.basketball-reference.com/leagues/NBA_2016_totals.html?lid=header_seasons
2015-12-29 10:51:52,004 - root - INFO - making call to http://www.basketball-reference.com/leagues/NBA_2016_totals.html?lid=header_seasons
2015-12-29 10:51:53,022 - root - INFO - received html for http://www.basketball-reference.com/leagues/NBA_2016_totals.html?lid=header_seasons
2015-12-29 10:51:53,022 - root - INFO - starting to parse season statistics for 2015
2015-12-29 10:51:53,087 - root - INFO - finished parsing season_statistics for 2015
2015-12-29 10:52:19,564 - root - INFO - box score url: http://www.basketball-reference.com/leagues/NBA_2016_totals.html?lid=header_seasons
2015-12-29 10:52:19,565 - root - INFO - making call to http://www.basketball-reference.com/leagues/NBA_2016_totals.html?lid=header_seasons
2015-12-29 10:52:20,699 - root - INFO - received html for http://www.basketball-reference.com/leagues/NBA_2016_totals.html?lid=header_seasons
2015-12-29 10:52:20,700 - root - INFO - starting to parse season statistics for 2015
2015-12-29 10:52:20,763 - root - INFO - finished parsing season_statistics for 2015
2015-12-29 10:52:27,076 - root - INFO - box score url: http://www.basketball-reference.com/leagues/NBA_2016_totals.html?lid=header_seasons
2015-12-29 10:52:27,076 - root - INFO - making call to http://www.basketball-reference.com/leagues/NBA_2016_totals.html?lid=header_seasons
2015-12-29 10:52:28,077 - root - INFO - received html for http://www.basketball-reference.com/leagues/NBA_2016_totals.html?lid=header_seasons
2015-12-29 10:52:28,078 - root - INFO - starting to parse season statistics for 2015
2015-12-29 10:52:28,136 - root - INFO - finished parsing season_statistics for 2015
2015-12-29 10:52:50,283 - root - INFO - box score url: http://www.basketball-reference.com/leagues/NBA_2016_totals.html?lid=header_seasons
2015-12-29 10:52:50,284 - root - INFO - making call to http://www.basketball-reference.com/leagues/NBA_2016_totals.html?lid=header_seasons
2015-12-29 10:52:51,177 - root - INFO - received html for http://www.basketball-reference.com/leagues/NBA_2016_totals.html?lid=header_seasons
2015-12-29 10:52:51,178 - root - INFO - starting to parse season statistics for 2015
2015-12-29 10:52:51,234 - root - INFO - finished parsing season_statistics for 2015
2015-12-29 10:55:10,751 - root - INFO - box score url: http://www.basketball-reference.com/leagues/NBA_2016_totals.html?lid=header_seasons
2015-12-29 10:55:10,752 - root - INFO - making call to http://www.basketball-reference.com/leagues/NBA_2016_totals.html?lid=header_seasons
2015-12-29 10:55:11,888 - root - INFO - received html for http://www.basketball-reference.com/leagues/NBA_2016_totals.html?lid=header_seasons
2015-12-29 10:55:11,889 - root - INFO - starting to parse season statistics for 2015
2015-12-29 10:55:11,958 - root - INFO - finished parsing season_statistics for 2015
2015-12-29 10:55:16,469 - root - INFO - box score url: http://www.basketball-reference.com/leagues/NBA_2016_totals.html?lid=header_seasons
2015-12-29 10:55:16,470 - root - INFO - making call to http://www.basketball-reference.com/leagues/NBA_2016_totals.html?lid=header_seasons
2015-12-29 10:55:17,361 - root - INFO - received html for http://www.basketball-reference.com/leagues/NBA_2016_totals.html?lid=header_seasons
2015-12-29 10:55:17,362 - root - INFO - starting to parse season statistics for 2015
2015-12-29 10:55:17,435 - root - INFO - finished parsing season_statistics for 2015
2015-12-29 10:57:18,111 - root - INFO - box score url: http://www.basketball-reference.com/leagues/NBA_2016_totals.html?lid=header_seasons
2015-12-29 10:57:18,112 - root - INFO - making call to http://www.basketball-reference.com/leagues/NBA_2016_totals.html?lid=header_seasons
2015-12-29 10:57:19,093 - root - INFO - received html for http://www.basketball-reference.com/leagues/NBA_2016_totals.html?lid=header_seasons
2015-12-29 10:57:19,094 - root - INFO - starting to parse season statistics for 2015
2015-12-29 10:57:19,158 - root - INFO - finished parsing season_statistics for 2015
2015-12-29 10:58:18,714 - root - INFO - box score url: http://www.basketball-reference.com/leagues/NBA_2016_totals.html?lid=header_seasons
2015-12-29 10:58:18,714 - root - INFO - making call to http://www.basketball-reference.com/leagues/NBA_2016_totals.html?lid=header_seasons
2015-12-29 10:58:19,726 - root - INFO - received html for http://www.basketball-reference.com/leagues/NBA_2016_totals.html?lid=header_seasons
2015-12-29 10:58:19,727 - root - INFO - starting to parse season statistics for 2015
2015-12-29 10:58:19,800 - root - INFO - finished parsing season_statistics for 2015
2015-12-29 10:58:22,236 - root - INFO - box score url: http://www.basketball-reference.com/leagues/NBA_2016_totals.html?lid=header_seasons
2015-12-29 10:58:22,237 - root - INFO - making call to http://www.basketball-reference.com/leagues/NBA_2016_totals.html?lid=header_seasons
2015-12-29 10:58:24,777 - root - INFO - received html for http://www.basketball-reference.com/leagues/NBA_2016_totals.html?lid=header_seasons
2015-12-29 10:58:24,778 - root - INFO - starting to parse season statistics for 2015
2015-12-29 10:58:24,841 - root - INFO - finished parsing season_statistics for 2015
2015-12-29 10:58:56,193 - root - INFO - box score url: http://www.basketball-reference.com/leagues/NBA_2016_totals.html?lid=header_seasons
2015-12-29 10:58:56,194 - root - INFO - making call to http://www.basketball-reference.com/leagues/NBA_2016_totals.html?lid=header_seasons
2015-12-29 10:58:57,124 - root - INFO - received html for http://www.basketball-reference.com/leagues/NBA_2016_totals.html?lid=header_seasons
2015-12-29 10:58:57,125 - root - INFO - starting to parse season statistics for 2015
2015-12-29 10:58:57,191 - root - INFO - finished parsing season_statistics for 2015
2015-12-29 10:59:19,616 - root - INFO - box score url: http://www.basketball-reference.com/leagues/NBA_2016_totals.html?lid=header_seasons
2015-12-29 10:59:19,617 - root - INFO - making call to http://www.basketball-reference.com/leagues/NBA_2016_totals.html?lid=header_seasons
2015-12-29 10:59:20,577 - root - INFO - received html for http://www.basketball-reference.com/leagues/NBA_2016_totals.html?lid=header_seasons
2015-12-29 10:59:20,577 - root - INFO - starting to parse season statistics for 2015
2015-12-29 10:59:20,641 - root - INFO - finished parsing season_statistics for 2015
2015-12-29 10:59:37,264 - root - INFO - box score url: http://www.basketball-reference.com/leagues/NBA_2016_totals.html?lid=header_seasons
2015-12-29 10:59:37,265 - root - INFO - making call to http://www.basketball-reference.com/leagues/NBA_2016_totals.html?lid=header_seasons
2015-12-29 10:59:38,203 - root - INFO - received html for http://www.basketball-reference.com/leagues/NBA_2016_totals.html?lid=header_seasons
2015-12-29 11:04:23,247 - root - INFO - box score url: http://www.basketball-reference.com/leagues/NBA_2016_totals.html?lid=header_seasons
2015-12-29 11:04:23,248 - root - INFO - making call to http://www.basketball-reference.com/leagues/NBA_2016_totals.html?lid=header_seasons
2015-12-29 11:04:24,239 - root - INFO - received html for http://www.basketball-reference.com/leagues/NBA_2016_totals.html?lid=header_seasons
2015-12-29 11:04:24,247 - root - INFO - starting to parse season statistics for 2015
2015-12-29 11:04:24,318 - root - INFO - finished parsing season_statistics for 2015
2015-12-29 11:05:49,265 - root - INFO - box score url: http://www.basketball-reference.com/leagues/NBA_2016_totals.html?lid=header_seasons
2015-12-29 11:05:49,266 - root - INFO - making call to http://www.basketball-reference.com/leagues/NBA_2016_totals.html?lid=header_seasons
2015-12-29 11:05:50,480 - root - INFO - received html for http://www.basketball-reference.com/leagues/NBA_2016_totals.html?lid=header_seasons
2015-12-29 11:05:50,481 - root - INFO - starting to parse season statistics for 2015
2015-12-29 11:05:50,567 - root - INFO - finished parsing season_statistics for 2015
2015-12-29 11:10:41,764 - root - INFO - box score url: http://www.basketball-reference.com/leagues/NBA_2016_totals.html?lid=header_seasons
2015-12-29 11:10:41,765 - root - INFO - making call to http://www.basketball-reference.com/leagues/NBA_2016_totals.html?lid=header_seasons
2015-12-29 11:10:42,718 - root - INFO - received html for http://www.basketball-reference.com/leagues/NBA_2016_totals.html?lid=header_seasons
2015-12-29 11:10:42,719 - root - INFO - starting to parse season statistics for 2015
2015-12-29 11:10:42,810 - root - INFO - finished parsing season_statistics for 2015
